[main] INFO  org.dozer.config.GlobalSettings - Trying to find Dozer configuration file: dozer.properties
[main] INFO  org.dozer.config.GlobalSettings - Using URL [file:/C:/Users/Alex/Documents/GitHub/MusicLibrary/service/target/classes/dozer.properties] for Dozer global property configuration
[main] INFO  org.dozer.config.GlobalSettings - Reading Dozer properties from URL [file:/C:/Users/Alex/Documents/GitHub/MusicLibrary/service/target/classes/dozer.properties]
[main] INFO  org.dozer.DozerInitializer - Initializing Dozer. Version: 5.5.0, Thread Name: main
[main] INFO  org.dozer.jmx.JMXPlatformImpl - Dozer JMX MBean [org.dozer.jmx:type=DozerStatisticsController] auto registered with the Platform MBean Server
[main] INFO  org.dozer.jmx.JMXPlatformImpl - Dozer JMX MBean [org.dozer.jmx:type=DozerAdminController] auto registered with the Platform MBean Server
[main] INFO  org.dozer.DozerBeanMapper - Initializing a new instance of dozer bean mapper.
[main] INFO  org.dozer.DozerBeanMapper - Initializing a new instance of dozer bean mapper.
[main] INFO  org.dozer.DozerBeanMapper - Initializing a new instance of dozer bean mapper.
[main] INFO  org.dozer.DozerBeanMapper - Initializing a new instance of dozer bean mapper.
[main] INFO  org.dozer.DozerBeanMapper - Initializing a new instance of dozer bean mapper.
[main] INFO  org.dozer.DozerBeanMapper - Initializing a new instance of dozer bean mapper.
[main] INFO  org.dozer.DozerBeanMapper - Initializing a new instance of dozer bean mapper.
[main] INFO  org.dozer.DozerBeanMapper - Initializing a new instance of dozer bean mapper.
[main] INFO  org.dozer.DozerBeanMapper - Initializing a new instance of dozer bean mapper.
[main] INFO  org.dozer.DozerBeanMapper - Initializing a new instance of dozer bean mapper.
[main] INFO  org.dozer.DozerBeanMapper - Initializing a new instance of dozer bean mapper.
[main] INFO  org.dozer.DozerBeanMapper - Initializing a new instance of dozer bean mapper.
[main] INFO  org.dozer.DozerBeanMapper - Initializing a new instance of dozer bean mapper.
[main] INFO  org.dozer.DozerBeanMapper - Initializing a new instance of dozer bean mapper.
[main] INFO  org.dozer.DozerBeanMapper - Initializing a new instance of dozer bean mapper.
[main] INFO  org.dozer.DozerBeanMapper - Initializing a new instance of dozer bean mapper.
[main] INFO  org.dozer.DozerBeanMapper - Initializing a new instance of dozer bean mapper.
[main] INFO  org.dozer.DozerBeanMapper - Initializing a new instance of dozer bean mapper.
[main] INFO  org.dozer.DozerBeanMapper - Initializing a new instance of dozer bean mapper.
[main] INFO  org.dozer.DozerBeanMapper - Initializing a new instance of dozer bean mapper.
[main] INFO  org.dozer.DozerBeanMapper - Initializing a new instance of dozer bean mapper.
[main] INFO  org.dozer.DozerBeanMapper - Initializing a new instance of dozer bean mapper.
[main] INFO  org.dozer.DozerBeanMapper - Initializing a new instance of dozer bean mapper.
[main] INFO  org.dozer.DozerBeanMapper - Initializing a new instance of dozer bean mapper.
[main] INFO  org.dozer.DozerBeanMapper - Initializing a new instance of dozer bean mapper.
[main] INFO  org.dozer.DozerBeanMapper - Initializing a new instance of dozer bean mapper.
[main] INFO  org.dozer.DozerBeanMapper - Initializing a new instance of dozer bean mapper.
[main] INFO  org.dozer.DozerBeanMapper - Initializing a new instance of dozer bean mapper.
[main] INFO  org.dozer.DozerBeanMapper - Initializing a new instance of dozer bean mapper.
[main] INFO  org.dozer.DozerBeanMapper - Initializing a new instance of dozer bean mapper.
[main] INFO  org.dozer.DozerBeanMapper - Initializing a new instance of dozer bean mapper.
[main] INFO  org.dozer.DozerBeanMapper - Initializing a new instance of dozer bean mapper.
[main] INFO  org.dozer.DozerBeanMapper - Initializing a new instance of dozer bean mapper.
[main] INFO  org.dozer.DozerBeanMapper - Initializing a new instance of dozer bean mapper.
[main] INFO  org.dozer.DozerBeanMapper - Initializing a new instance of dozer bean mapper.
[main] INFO  org.dozer.DozerBeanMapper - Initializing a new instance of dozer bean mapper.
[main] INFO  org.dozer.DozerBeanMapper - Initializing a new instance of dozer bean mapper.
[main] INFO  org.dozer.DozerBeanMapper - Initializing a new instance of dozer bean mapper.
[main] INFO  org.dozer.DozerBeanMapper - Initializing a new instance of dozer bean mapper.
[main] INFO  org.dozer.config.GlobalSettings - Trying to find Dozer configuration file: dozer.properties
[main] INFO  org.dozer.config.GlobalSettings - Using URL [file:/C:/Users/Alex/Documents/GitHub/MusicLibrary/service/target/classes/dozer.properties] for Dozer global property configuration
[main] INFO  org.dozer.config.GlobalSettings - Reading Dozer properties from URL [file:/C:/Users/Alex/Documents/GitHub/MusicLibrary/service/target/classes/dozer.properties]
[main] INFO  org.dozer.DozerInitializer - Initializing Dozer. Version: 5.5.0, Thread Name: main
[main] INFO  org.dozer.jmx.JMXPlatformImpl - Dozer JMX MBean [org.dozer.jmx:type=DozerStatisticsController] auto registered with the Platform MBean Server
[main] INFO  org.dozer.jmx.JMXPlatformImpl - Dozer JMX MBean [org.dozer.jmx:type=DozerAdminController] auto registered with the Platform MBean Server
[main] INFO  org.dozer.DozerBeanMapper - Initializing a new instance of dozer bean mapper.
[main] INFO  org.dozer.DozerBeanMapper - Initializing a new instance of dozer bean mapper.
[main] INFO  org.dozer.DozerBeanMapper - Initializing a new instance of dozer bean mapper.
[main] INFO  org.dozer.DozerBeanMapper - Initializing a new instance of dozer bean mapper.
[main] INFO  org.dozer.DozerBeanMapper - Initializing a new instance of dozer bean mapper.
[main] INFO  org.dozer.DozerBeanMapper - Initializing a new instance of dozer bean mapper.
[main] INFO  org.dozer.DozerBeanMapper - Initializing a new instance of dozer bean mapper.
[main] INFO  org.dozer.DozerBeanMapper - Initializing a new instance of dozer bean mapper.
[main] INFO  org.dozer.DozerBeanMapper - Initializing a new instance of dozer bean mapper.
[main] INFO  org.dozer.DozerBeanMapper - Initializing a new instance of dozer bean mapper.
[main] INFO  org.dozer.DozerBeanMapper - Initializing a new instance of dozer bean mapper.
[main] INFO  org.dozer.DozerBeanMapper - Initializing a new instance of dozer bean mapper.
[main] INFO  org.dozer.DozerBeanMapper - Initializing a new instance of dozer bean mapper.
[main] INFO  org.dozer.DozerBeanMapper - Initializing a new instance of dozer bean mapper.
[main] INFO  org.dozer.config.GlobalSettings - Trying to find Dozer configuration file: dozer.properties
[main] INFO  org.dozer.config.GlobalSettings - Using URL [file:/C:/School/Semester9/java/MusicLibrary/service/target/classes/dozer.properties] for Dozer global property configuration
[main] INFO  org.dozer.config.GlobalSettings - Reading Dozer properties from URL [file:/C:/School/Semester9/java/MusicLibrary/service/target/classes/dozer.properties]
[main] INFO  org.dozer.DozerInitializer - Initializing Dozer. Version: 5.5.0, Thread Name: main
[main] INFO  org.dozer.jmx.JMXPlatformImpl - Dozer JMX MBean [org.dozer.jmx:type=DozerStatisticsController] auto registered with the Platform MBean Server
[main] INFO  org.dozer.jmx.JMXPlatformImpl - Dozer JMX MBean [org.dozer.jmx:type=DozerAdminController] auto registered with the Platform MBean Server
[main] INFO  org.dozer.DozerBeanMapper - Initializing a new instance of dozer bean mapper.
[main] INFO  org.dozer.DozerBeanMapper - Initializing a new instance of dozer bean mapper.
[main] INFO  org.dozer.DozerBeanMapper - Initializing a new instance of dozer bean mapper.
[main] INFO  org.dozer.DozerBeanMapper - Initializing a new instance of dozer bean mapper.
[main] INFO  org.dozer.DozerBeanMapper - Initializing a new instance of dozer bean mapper.
[main] INFO  org.dozer.DozerBeanMapper - Initializing a new instance of dozer bean mapper.
[main] INFO  org.dozer.DozerBeanMapper - Initializing a new instance of dozer bean mapper.
[main] INFO  org.dozer.DozerBeanMapper - Initializing a new instance of dozer bean mapper.
[main] INFO  org.dozer.DozerBeanMapper - Initializing a new instance of dozer bean mapper.
[main] INFO  org.dozer.DozerBeanMapper - Initializing a new instance of dozer bean mapper.
[main] INFO  org.dozer.DozerBeanMapper - Initializing a new instance of dozer bean mapper.
[main] INFO  org.dozer.DozerBeanMapper - Initializing a new instance of dozer bean mapper.
[main] INFO  org.dozer.DozerBeanMapper - Initializing a new instance of dozer bean mapper.
[main] INFO  org.dozer.DozerBeanMapper - Initializing a new instance of dozer bean mapper.
[main] INFO  org.dozer.DozerBeanMapper - Initializing a new instance of dozer bean mapper.
[main] INFO  org.dozer.DozerBeanMapper - Initializing a new instance of dozer bean mapper.
[main] INFO  org.dozer.DozerBeanMapper - Initializing a new instance of dozer bean mapper.
[main] INFO  org.dozer.DozerBeanMapper - Initializing a new instance of dozer bean mapper.
[main] INFO  org.dozer.DozerBeanMapper - Initializing a new instance of dozer bean mapper.
[main] INFO  org.dozer.DozerBeanMapper - Initializing a new instance of dozer bean mapper.
[main] INFO  org.dozer.DozerBeanMapper - Initializing a new instance of dozer bean mapper.
[main] INFO  org.dozer.DozerBeanMapper - Initializing a new instance of dozer bean mapper.
[main] INFO  org.dozer.DozerBeanMapper - Initializing a new instance of dozer bean mapper.
[main] INFO  org.dozer.DozerBeanMapper - Initializing a new instance of dozer bean mapper.
[main] INFO  org.dozer.DozerBeanMapper - Initializing a new instance of dozer bean mapper.
[main] INFO  org.dozer.DozerBeanMapper - Initializing a new instance of dozer bean mapper.
[main] INFO  org.dozer.DozerBeanMapper - Initializing a new instance of dozer bean mapper.
[main] INFO  org.dozer.DozerBeanMapper - Initializing a new instance of dozer bean mapper.
[main] INFO  org.dozer.DozerBeanMapper - Initializing a new instance of dozer bean mapper.
[main] INFO  org.dozer.DozerBeanMapper - Initializing a new instance of dozer bean mapper.
[main] INFO  org.dozer.DozerBeanMapper - Initializing a new instance of dozer bean mapper.
[main] INFO  org.dozer.DozerBeanMapper - Initializing a new instance of dozer bean mapper.
[main] INFO  org.dozer.DozerBeanMapper - Initializing a new instance of dozer bean mapper.
[main] INFO  org.dozer.DozerBeanMapper - Initializing a new instance of dozer bean mapper.
[main] INFO  org.dozer.DozerBeanMapper - Initializing a new instance of dozer bean mapper.
[main] INFO  org.dozer.DozerBeanMapper - Initializing a new instance of dozer bean mapper.
[main] INFO  org.dozer.DozerBeanMapper - Initializing a new instance of dozer bean mapper.
[main] INFO  org.dozer.DozerBeanMapper - Initializing a new instance of dozer bean mapper.
[main] INFO  org.dozer.DozerBeanMapper - Initializing a new instance of dozer bean mapper.
[main] INFO  org.dozer.config.GlobalSettings - Trying to find Dozer configuration file: dozer.properties
[main] INFO  org.dozer.config.GlobalSettings - Using URL [file:/C:/School/Semester9/java/MusicLibrary/service/target/classes/dozer.properties] for Dozer global property configuration
[main] INFO  org.dozer.config.GlobalSettings - Reading Dozer properties from URL [file:/C:/School/Semester9/java/MusicLibrary/service/target/classes/dozer.properties]
[main] INFO  org.dozer.DozerInitializer - Initializing Dozer. Version: 5.5.0, Thread Name: main
[main] INFO  org.dozer.jmx.JMXPlatformImpl - Dozer JMX MBean [org.dozer.jmx:type=DozerStatisticsController] auto registered with the Platform MBean Server
[main] INFO  org.dozer.jmx.JMXPlatformImpl - Dozer JMX MBean [org.dozer.jmx:type=DozerAdminController] auto registered with the Platform MBean Server
[main] INFO  org.dozer.DozerBeanMapper - Initializing a new instance of dozer bean mapper.
[main] INFO  org.dozer.DozerBeanMapper - Initializing a new instance of dozer bean mapper.
[main] INFO  org.dozer.DozerBeanMapper - Initializing a new instance of dozer bean mapper.
[main] INFO  org.dozer.DozerBeanMapper - Initializing a new instance of dozer bean mapper.
[main] INFO  org.dozer.DozerBeanMapper - Initializing a new instance of dozer bean mapper.
[main] INFO  org.dozer.DozerBeanMapper - Initializing a new instance of dozer bean mapper.
[main] INFO  org.dozer.DozerBeanMapper - Initializing a new instance of dozer bean mapper.
[main] INFO  org.dozer.DozerBeanMapper - Initializing a new instance of dozer bean mapper.
[main] INFO  org.dozer.DozerBeanMapper - Initializing a new instance of dozer bean mapper.
[main] INFO  org.dozer.DozerBeanMapper - Initializing a new instance of dozer bean mapper.
[main] INFO  org.dozer.DozerBeanMapper - Initializing a new instance of dozer bean mapper.
[main] INFO  org.dozer.config.GlobalSettings - Trying to find Dozer configuration file: dozer.properties
[main] INFO  org.dozer.config.GlobalSettings - Using URL [file:/C:/School/Semester9/java/MusicLibrary/service/target/classes/dozer.properties] for Dozer global property configuration
[main] INFO  org.dozer.config.GlobalSettings - Reading Dozer properties from URL [file:/C:/School/Semester9/java/MusicLibrary/service/target/classes/dozer.properties]
[main] INFO  org.dozer.DozerInitializer - Initializing Dozer. Version: 5.5.0, Thread Name: main
[main] INFO  org.dozer.jmx.JMXPlatformImpl - Dozer JMX MBean [org.dozer.jmx:type=DozerStatisticsController] auto registered with the Platform MBean Server
[main] INFO  org.dozer.jmx.JMXPlatformImpl - Dozer JMX MBean [org.dozer.jmx:type=DozerAdminController] auto registered with the Platform MBean Server
[main] INFO  org.dozer.DozerBeanMapper - Initializing a new instance of dozer bean mapper.
[main] INFO  org.dozer.DozerBeanMapper - Initializing a new instance of dozer bean mapper.
[main] INFO  org.dozer.DozerBeanMapper - Initializing a new instance of dozer bean mapper.
[main] INFO  org.dozer.DozerBeanMapper - Initializing a new instance of dozer bean mapper.
[main] INFO  org.dozer.DozerBeanMapper - Initializing a new instance of dozer bean mapper.
[main] INFO  org.dozer.DozerBeanMapper - Initializing a new instance of dozer bean mapper.
[main] INFO  org.dozer.DozerBeanMapper - Initializing a new instance of dozer bean mapper.
[main] INFO  org.dozer.DozerBeanMapper - Initializing a new instance of dozer bean mapper.
[main] INFO  org.dozer.DozerBeanMapper - Initializing a new instance of dozer bean mapper.
[main] INFO  org.dozer.DozerBeanMapper - Initializing a new instance of dozer bean mapper.
[main] INFO  org.dozer.DozerBeanMapper - Initializing a new instance of dozer bean mapper.
[main] INFO  org.dozer.DozerBeanMapper - Initializing a new instance of dozer bean mapper.
[main] INFO  org.dozer.DozerBeanMapper - Initializing a new instance of dozer bean mapper.
[main] INFO  org.dozer.DozerBeanMapper - Initializing a new instance of dozer bean mapper.
[main] INFO  org.dozer.config.GlobalSettings - Trying to find Dozer configuration file: dozer.properties
[main] INFO  org.dozer.config.GlobalSettings - Using URL [file:/C:/School/Semester9/java/MusicLibrary/service/target/classes/dozer.properties] for Dozer global property configuration
[main] INFO  org.dozer.config.GlobalSettings - Reading Dozer properties from URL [file:/C:/School/Semester9/java/MusicLibrary/service/target/classes/dozer.properties]
[main] INFO  org.dozer.DozerInitializer - Initializing Dozer. Version: 5.5.0, Thread Name: main
[main] INFO  org.dozer.jmx.JMXPlatformImpl - Dozer JMX MBean [org.dozer.jmx:type=DozerStatisticsController] auto registered with the Platform MBean Server
[main] INFO  org.dozer.jmx.JMXPlatformImpl - Dozer JMX MBean [org.dozer.jmx:type=DozerAdminController] auto registered with the Platform MBean Server
[main] INFO  org.dozer.DozerBeanMapper - Initializing a new instance of dozer bean mapper.
[main] INFO  org.dozer.DozerBeanMapper - Initializing a new instance of dozer bean mapper.
[main] INFO  org.dozer.DozerBeanMapper - Initializing a new instance of dozer bean mapper.
[main] INFO  org.dozer.DozerBeanMapper - Initializing a new instance of dozer bean mapper.
[main] INFO  org.dozer.DozerBeanMapper - Initializing a new instance of dozer bean mapper.
[main] INFO  org.dozer.DozerBeanMapper - Initializing a new instance of dozer bean mapper.
[main] INFO  org.dozer.DozerBeanMapper - Initializing a new instance of dozer bean mapper.
[main] INFO  org.dozer.DozerBeanMapper - Initializing a new instance of dozer bean mapper.
[main] INFO  org.dozer.DozerBeanMapper - Initializing a new instance of dozer bean mapper.
[main] INFO  org.dozer.DozerBeanMapper - Initializing a new instance of dozer bean mapper.
[main] INFO  org.dozer.DozerBeanMapper - Initializing a new instance of dozer bean mapper.
[main] INFO  org.dozer.DozerBeanMapper - Initializing a new instance of dozer bean mapper.
[main] INFO  org.dozer.DozerBeanMapper - Initializing a new instance of dozer bean mapper.
[main] INFO  org.dozer.DozerBeanMapper - Initializing a new instance of dozer bean mapper.
[main] INFO  org.dozer.config.GlobalSettings - Trying to find Dozer configuration file: dozer.properties
[main] INFO  org.dozer.config.GlobalSettings - Using URL [file:/C:/School/Semester9/java/MusicLibrary/service/target/classes/dozer.properties] for Dozer global property configuration
[main] INFO  org.dozer.config.GlobalSettings - Reading Dozer properties from URL [file:/C:/School/Semester9/java/MusicLibrary/service/target/classes/dozer.properties]
[main] INFO  org.dozer.DozerInitializer - Initializing Dozer. Version: 5.5.0, Thread Name: main
[main] INFO  org.dozer.jmx.JMXPlatformImpl - Dozer JMX MBean [org.dozer.jmx:type=DozerStatisticsController] auto registered with the Platform MBean Server
[main] INFO  org.dozer.jmx.JMXPlatformImpl - Dozer JMX MBean [org.dozer.jmx:type=DozerAdminController] auto registered with the Platform MBean Server
[main] INFO  org.dozer.DozerBeanMapper - Initializing a new instance of dozer bean mapper.
[main] INFO  org.dozer.DozerBeanMapper - Initializing a new instance of dozer bean mapper.
[main] INFO  org.dozer.DozerBeanMapper - Initializing a new instance of dozer bean mapper.
[main] INFO  org.dozer.DozerBeanMapper - Initializing a new instance of dozer bean mapper.
[main] INFO  org.dozer.DozerBeanMapper - Initializing a new instance of dozer bean mapper.
[main] INFO  org.dozer.DozerBeanMapper - Initializing a new instance of dozer bean mapper.
[main] INFO  org.dozer.DozerBeanMapper - Initializing a new instance of dozer bean mapper.
[main] INFO  org.dozer.DozerBeanMapper - Initializing a new instance of dozer bean mapper.
[main] INFO  org.dozer.DozerBeanMapper - Initializing a new instance of dozer bean mapper.
[main] INFO  org.dozer.DozerBeanMapper - Initializing a new instance of dozer bean mapper.
[main] INFO  org.dozer.DozerBeanMapper - Initializing a new instance of dozer bean mapper.
[main] INFO  org.dozer.DozerBeanMapper - Initializing a new instance of dozer bean mapper.
[main] INFO  org.dozer.DozerBeanMapper - Initializing a new instance of dozer bean mapper.
[main] INFO  org.dozer.DozerBeanMapper - Initializing a new instance of dozer bean mapper.
[main] INFO  org.dozer.DozerBeanMapper - Initializing a new instance of dozer bean mapper.
[main] INFO  org.dozer.DozerBeanMapper - Initializing a new instance of dozer bean mapper.
[main] INFO  org.dozer.DozerBeanMapper - Initializing a new instance of dozer bean mapper.
[main] INFO  org.dozer.DozerBeanMapper - Initializing a new instance of dozer bean mapper.
[main] INFO  org.dozer.DozerBeanMapper - Initializing a new instance of dozer bean mapper.
[main] INFO  org.dozer.DozerBeanMapper - Initializing a new instance of dozer bean mapper.
[main] INFO  org.dozer.DozerBeanMapper - Initializing a new instance of dozer bean mapper.
[main] INFO  org.dozer.DozerBeanMapper - Initializing a new instance of dozer bean mapper.
[main] INFO  org.dozer.DozerBeanMapper - Initializing a new instance of dozer bean mapper.
[main] INFO  org.dozer.DozerBeanMapper - Initializing a new instance of dozer bean mapper.
[main] INFO  org.dozer.DozerBeanMapper - Initializing a new instance of dozer bean mapper.
[main] INFO  org.dozer.DozerBeanMapper - Initializing a new instance of dozer bean mapper.
[main] INFO  org.dozer.DozerBeanMapper - Initializing a new instance of dozer bean mapper.
[main] INFO  org.dozer.DozerBeanMapper - Initializing a new instance of dozer bean mapper.
[main] INFO  org.dozer.DozerBeanMapper - Initializing a new instance of dozer bean mapper.
[main] INFO  org.dozer.DozerBeanMapper - Initializing a new instance of dozer bean mapper.
[main] INFO  org.dozer.DozerBeanMapper - Initializing a new instance of dozer bean mapper.
[main] INFO  org.dozer.DozerBeanMapper - Initializing a new instance of dozer bean mapper.
[main] INFO  org.dozer.DozerBeanMapper - Initializing a new instance of dozer bean mapper.
[main] INFO  org.dozer.DozerBeanMapper - Initializing a new instance of dozer bean mapper.
[main] INFO  org.dozer.DozerBeanMapper - Initializing a new instance of dozer bean mapper.
[main] INFO  org.dozer.DozerBeanMapper - Initializing a new instance of dozer bean mapper.
[main] INFO  org.dozer.DozerBeanMapper - Initializing a new instance of dozer bean mapper.
[main] INFO  org.dozer.DozerBeanMapper - Initializing a new instance of dozer bean mapper.
[main] INFO  org.dozer.DozerBeanMapper - Initializing a new instance of dozer bean mapper.
[main] INFO  org.dozer.DozerBeanMapper - Initializing a new instance of dozer bean mapper.
[main] INFO  org.dozer.DozerBeanMapper - Initializing a new instance of dozer bean mapper.
[main] INFO  org.dozer.DozerBeanMapper - Initializing a new instance of dozer bean mapper.
[main] INFO  org.dozer.DozerBeanMapper - Initializing a new instance of dozer bean mapper.
[main] INFO  org.dozer.DozerBeanMapper - Initializing a new instance of dozer bean mapper.
[main] INFO  org.dozer.DozerBeanMapper - Initializing a new instance of dozer bean mapper.
[main] INFO  org.dozer.DozerBeanMapper - Initializing a new instance of dozer bean mapper.
[main] INFO  org.dozer.DozerBeanMapper - Initializing a new instance of dozer bean mapper.
[main] INFO  org.dozer.DozerBeanMapper - Initializing a new instance of dozer bean mapper.
[main] INFO  org.dozer.DozerBeanMapper - Initializing a new instance of dozer bean mapper.
[main] INFO  org.dozer.DozerBeanMapper - Initializing a new instance of dozer bean mapper.
[main] INFO  org.dozer.DozerBeanMapper - Initializing a new instance of dozer bean mapper.
[main] INFO  org.dozer.DozerBeanMapper - Initializing a new instance of dozer bean mapper.
[main] INFO  org.dozer.DozerBeanMapper - Initializing a new instance of dozer bean mapper.
[main] INFO  org.dozer.config.GlobalSettings - Trying to find Dozer configuration file: dozer.properties
[main] INFO  org.dozer.config.GlobalSettings - Using URL [file:/C:/School/Semester9/java/MusicLibrary/service/target/classes/dozer.properties] for Dozer global property configuration
[main] INFO  org.dozer.config.GlobalSettings - Reading Dozer properties from URL [file:/C:/School/Semester9/java/MusicLibrary/service/target/classes/dozer.properties]
[main] INFO  org.dozer.DozerInitializer - Initializing Dozer. Version: 5.5.0, Thread Name: main
[main] INFO  org.dozer.jmx.JMXPlatformImpl - Dozer JMX MBean [org.dozer.jmx:type=DozerStatisticsController] auto registered with the Platform MBean Server
[main] INFO  org.dozer.jmx.JMXPlatformImpl - Dozer JMX MBean [org.dozer.jmx:type=DozerAdminController] auto registered with the Platform MBean Server
[main] INFO  org.dozer.DozerBeanMapper - Initializing a new instance of dozer bean mapper.
[main] INFO  org.dozer.DozerBeanMapper - Initializing a new instance of dozer bean mapper.
[main] INFO  org.dozer.DozerBeanMapper - Initializing a new instance of dozer bean mapper.
[main] INFO  org.dozer.DozerBeanMapper - Initializing a new instance of dozer bean mapper.
[main] INFO  org.dozer.DozerBeanMapper - Initializing a new instance of dozer bean mapper.
[main] INFO  org.dozer.DozerBeanMapper - Initializing a new instance of dozer bean mapper.
[main] INFO  org.dozer.DozerBeanMapper - Initializing a new instance of dozer bean mapper.
[main] INFO  org.dozer.DozerBeanMapper - Initializing a new instance of dozer bean mapper.
[main] INFO  org.dozer.DozerBeanMapper - Initializing a new instance of dozer bean mapper.
[main] INFO  org.dozer.DozerBeanMapper - Initializing a new instance of dozer bean mapper.
[main] INFO  org.dozer.DozerBeanMapper - Initializing a new instance of dozer bean mapper.
[main] INFO  org.dozer.DozerBeanMapper - Initializing a new instance of dozer bean mapper.
[main] INFO  org.dozer.DozerBeanMapper - Initializing a new instance of dozer bean mapper.
[main] INFO  org.dozer.DozerBeanMapper - Initializing a new instance of dozer bean mapper.
[main] INFO  org.dozer.config.GlobalSettings - Trying to find Dozer configuration file: dozer.properties
[main] INFO  org.dozer.config.GlobalSettings - Using URL [file:/C:/School/Semester9/java/MusicLibrary/service/target/classes/dozer.properties] for Dozer global property configuration
[main] INFO  org.dozer.config.GlobalSettings - Reading Dozer properties from URL [file:/C:/School/Semester9/java/MusicLibrary/service/target/classes/dozer.properties]
[main] INFO  org.dozer.DozerInitializer - Initializing Dozer. Version: 5.5.0, Thread Name: main
[main] INFO  org.dozer.jmx.JMXPlatformImpl - Dozer JMX MBean [org.dozer.jmx:type=DozerStatisticsController] auto registered with the Platform MBean Server
[main] INFO  org.dozer.jmx.JMXPlatformImpl - Dozer JMX MBean [org.dozer.jmx:type=DozerAdminController] auto registered with the Platform MBean Server
[main] INFO  org.dozer.DozerBeanMapper - Initializing a new instance of dozer bean mapper.
[main] INFO  org.dozer.DozerBeanMapper - Initializing a new instance of dozer bean mapper.
[main] INFO  org.dozer.DozerBeanMapper - Initializing a new instance of dozer bean mapper.
[main] INFO  org.dozer.DozerBeanMapper - Initializing a new instance of dozer bean mapper.
[main] INFO  org.dozer.DozerBeanMapper - Initializing a new instance of dozer bean mapper.
[main] INFO  org.dozer.DozerBeanMapper - Initializing a new instance of dozer bean mapper.
[main] INFO  org.dozer.DozerBeanMapper - Initializing a new instance of dozer bean mapper.
[main] INFO  org.dozer.DozerBeanMapper - Initializing a new instance of dozer bean mapper.
[main] INFO  org.dozer.DozerBeanMapper - Initializing a new instance of dozer bean mapper.
[main] INFO  org.dozer.DozerBeanMapper - Initializing a new instance of dozer bean mapper.
[main] INFO  org.dozer.DozerBeanMapper - Initializing a new instance of dozer bean mapper.
[main] INFO  org.dozer.DozerBeanMapper - Initializing a new instance of dozer bean mapper.
[main] INFO  org.dozer.DozerBeanMapper - Initializing a new instance of dozer bean mapper.
[main] INFO  org.dozer.DozerBeanMapper - Initializing a new instance of dozer bean mapper.
[main] INFO  org.dozer.DozerBeanMapper - Initializing a new instance of dozer bean mapper.
[main] INFO  org.dozer.DozerBeanMapper - Initializing a new instance of dozer bean mapper.
[main] INFO  org.dozer.DozerBeanMapper - Initializing a new instance of dozer bean mapper.
[main] INFO  org.dozer.DozerBeanMapper - Initializing a new instance of dozer bean mapper.
[main] INFO  org.dozer.DozerBeanMapper - Initializing a new instance of dozer bean mapper.
[main] INFO  org.dozer.DozerBeanMapper - Initializing a new instance of dozer bean mapper.
[main] INFO  org.dozer.DozerBeanMapper - Initializing a new instance of dozer bean mapper.
[main] INFO  org.dozer.DozerBeanMapper - Initializing a new instance of dozer bean mapper.
[main] INFO  org.dozer.DozerBeanMapper - Initializing a new instance of dozer bean mapper.
[main] INFO  org.dozer.DozerBeanMapper - Initializing a new instance of dozer bean mapper.
[main] INFO  org.dozer.DozerBeanMapper - Initializing a new instance of dozer bean mapper.
[main] INFO  org.dozer.DozerBeanMapper - Initializing a new instance of dozer bean mapper.
[main] INFO  org.dozer.DozerBeanMapper - Initializing a new instance of dozer bean mapper.
[main] INFO  org.dozer.DozerBeanMapper - Initializing a new instance of dozer bean mapper.
[main] INFO  org.dozer.DozerBeanMapper - Initializing a new instance of dozer bean mapper.
[main] INFO  org.dozer.DozerBeanMapper - Initializing a new instance of dozer bean mapper.
[main] INFO  org.dozer.DozerBeanMapper - Initializing a new instance of dozer bean mapper.
[main] INFO  org.dozer.DozerBeanMapper - Initializing a new instance of dozer bean mapper.
[main] INFO  org.dozer.DozerBeanMapper - Initializing a new instance of dozer bean mapper.
[main] INFO  org.dozer.DozerBeanMapper - Initializing a new instance of dozer bean mapper.
[main] INFO  org.dozer.DozerBeanMapper - Initializing a new instance of dozer bean mapper.
[main] INFO  org.dozer.DozerBeanMapper - Initializing a new instance of dozer bean mapper.
[main] INFO  org.dozer.DozerBeanMapper - Initializing a new instance of dozer bean mapper.
[main] INFO  org.dozer.DozerBeanMapper - Initializing a new instance of dozer bean mapper.
[main] INFO  org.dozer.DozerBeanMapper - Initializing a new instance of dozer bean mapper.
[main] INFO  org.dozer.DozerBeanMapper - Initializing a new instance of dozer bean mapper.
[main] INFO  org.dozer.DozerBeanMapper - Initializing a new instance of dozer bean mapper.
[main] INFO  org.dozer.DozerBeanMapper - Initializing a new instance of dozer bean mapper.
[main] INFO  org.dozer.DozerBeanMapper - Initializing a new instance of dozer bean mapper.
[main] INFO  org.dozer.DozerBeanMapper - Initializing a new instance of dozer bean mapper.
[main] INFO  org.dozer.DozerBeanMapper - Initializing a new instance of dozer bean mapper.
[main] INFO  org.dozer.DozerBeanMapper - Initializing a new instance of dozer bean mapper.
[main] INFO  org.dozer.DozerBeanMapper - Initializing a new instance of dozer bean mapper.
[main] INFO  org.dozer.DozerBeanMapper - Initializing a new instance of dozer bean mapper.
[main] INFO  org.dozer.DozerBeanMapper - Initializing a new instance of dozer bean mapper.
[main] INFO  org.dozer.DozerBeanMapper - Initializing a new instance of dozer bean mapper.
[main] INFO  org.dozer.DozerBeanMapper - Initializing a new instance of dozer bean mapper.
[main] INFO  org.dozer.DozerBeanMapper - Initializing a new instance of dozer bean mapper.
[main] INFO  org.dozer.DozerBeanMapper - Initializing a new instance of dozer bean mapper.
